TN:
SF:src/modules/costumers/services/AuthenticateUserServices.ts
FN:21,(anonymous_18)
FN:22,AuthenticateUserServices
FN:26,(anonymous_20)
FNF:3
FNH:3
FNDA:1,(anonymous_18)
FNDA:2,AuthenticateUserServices
FNDA:2,(anonymous_20)
DA:2,1
DA:3,1
DA:4,1
DA:21,1
DA:24,2
DA:26,2
DA:27,2
DA:28,2
DA:29,1
DA:46,1
DA:48,1
DA:53,1
DA:55,1
DA:57,1
LF:14
LH:14
BRDA:27,0,0,2
BRDA:28,1,0,1
BRDA:28,1,1,1
BRF:3
BRH:3
end_of_record
TN:
SF:src/modules/costumers/services/CreateCostumerServices.ts
FN:23,(anonymous_17)
FN:24,CreateCostumerServices
FN:28,(anonymous_19)
FNF:3
FNH:3
FNDA:2,(anonymous_17)
FNDA:4,CreateCostumerServices
FNDA:5,(anonymous_19)
DA:2,2
DA:6,2
DA:23,2
DA:26,4
DA:28,2
DA:29,5
DA:30,5
DA:31,5
DA:32,5
DA:33,5
DA:34,5
DA:35,5
DA:36,5
DA:37,5
DA:38,5
DA:39,5
DA:43,5
DA:44,5
DA:45,1
DA:52,4
DA:54,4
DA:70,4
DA:72,2
DA:74,2
LF:24
LH:24
BRDA:43,0,0,5
BRDA:44,1,0,1
BRDA:44,1,1,4
BRF:3
BRH:3
end_of_record
TN:
SF:src/modules/properties/services/CreatePropertyServices.ts
FN:26,(anonymous_17)
FN:27,CreatePropertyServices
FN:31,(anonymous_19)
FNF:3
FNH:3
FNDA:1,(anonymous_17)
FNDA:1,CreatePropertyServices
FNDA:1,(anonymous_19)
DA:2,1
DA:26,1
DA:29,1
DA:31,1
DA:32,1
DA:33,1
DA:34,1
DA:35,1
DA:36,1
DA:37,1
DA:38,1
DA:39,1
DA:40,1
DA:41,1
DA:42,1
DA:43,1
DA:44,1
DA:45,1
DA:46,1
DA:47,1
DA:51,1
DA:72,1
DA:74,1
DA:76,1
LF:24
LH:24
BRF:0
BRH:0
end_of_record
TN:
SF:src/modules/properties/services/UpdatePropertyPhotosServices.ts
FN:13,(anonymous_14)
FN:14,(anonymous_16)
FNF:2
FNH:0
FNDA:0,(anonymous_14)
FNDA:0,(anonymous_16)
DA:1,0
DA:2,0
DA:3,0
DA:5,0
DA:6,0
DA:13,0
DA:14,0
DA:15,0
DA:16,0
DA:18,0
DA:19,0
DA:20,0
DA:22,0
DA:24,0
DA:30,0
DA:32,0
DA:34,0
DA:36,0
LF:18
LH:0
BRDA:19,0,0,0
BRDA:19,0,1,0
BRF:2
BRH:0
end_of_record
TN:
SF:src/modules/realtors/services/AuthenticateUserServices.ts
FN:24,(anonymous_18)
FN:25,AuthenticateUserServices
FN:33,(anonymous_20)
FNF:3
FNH:3
FNDA:1,(anonymous_18)
FNDA:2,AuthenticateUserServices
FNDA:2,(anonymous_20)
DA:2,1
DA:4,1
DA:5,1
DA:24,1
DA:27,2
DA:30,2
DA:33,2
DA:37,2
DA:38,2
DA:39,1
DA:48,1
DA:50,1
DA:55,1
DA:83,1
DA:85,1
LF:15
LH:15
BRDA:37,0,0,2
BRDA:38,1,0,1
BRDA:38,1,1,1
BRF:3
BRH:3
end_of_record
TN:
SF:src/modules/realtors/services/CreateRealtorServices.ts
FN:26,(anonymous_17)
FN:27,CreateRealtorServices
FN:35,(anonymous_19)
FNF:3
FNH:3
FNDA:2,(anonymous_17)
FNDA:4,CreateRealtorServices
FNDA:5,(anonymous_19)
DA:2,2
DA:3,2
DA:26,2
DA:29,4
DA:32,4
DA:35,2
DA:36,5
DA:37,5
DA:38,5
DA:39,5
DA:40,5
DA:41,5
DA:42,5
DA:43,5
DA:44,5
DA:45,5
DA:46,5
DA:47,5
DA:50,5
DA:51,5
DA:52,1
DA:59,4
DA:61,4
DA:78,4
DA:80,2
DA:82,2
LF:26
LH:26
BRDA:50,0,0,5
BRDA:51,1,0,1
BRDA:51,1,1,4
BRF:3
BRH:3
end_of_record
TN:
SF:src/modules/realtors/services/SendForgotPasswordEmailService.ts
FN:13,(anonymous_17)
FN:14,SendForgotPasswordEmailService
FN:25,(anonymous_19)
FNF:3
FNH:3
FNDA:1,(anonymous_17)
FNDA:2,SendForgotPasswordEmailService
FNDA:2,(anonymous_19)
DA:1,1
DA:13,1
DA:16,2
DA:19,2
DA:25,2
DA:26,2
DA:28,2
DA:29,1
DA:33,1
DA:35,1
DA:37,1
LF:11
LH:11
BRDA:26,0,0,2
BRDA:28,1,0,1
BRDA:28,1,1,1
BRF:3
BRH:3
end_of_record
TN:
SF:src/modules/realtors/services/UpdateRealtorAvatarServices.ts
FN:18,(anonymous_16)
FN:19,UpdateRealtorAvatarServices
FN:23,(anonymous_18)
FNF:3
FNH:0
FNDA:0,(anonymous_16)
FNDA:0,UpdateRealtorAvatarServices
FNDA:0,(anonymous_18)
DA:1,0
DA:5,0
DA:9,0
DA:18,0
DA:21,0
DA:23,0
DA:27,0
DA:28,0
DA:29,0
DA:31,0
DA:33,0
DA:38,0
DA:40,0
DA:41,0
DA:42,0
DA:45,0
DA:47,0
DA:49,0
DA:50,0
DA:51,0
DA:53,0
DA:55,0
LF:22
LH:0
BRDA:28,0,0,0
BRDA:28,0,1,0
BRDA:41,1,0,0
BRDA:41,1,1,0
BRF:4
BRH:0
end_of_record
