TN:
SF:src/modules/costumers/services/AuthenticateUserServices.ts
FN:21,(anonymous_18)
FN:22,AuthenticateUserServices
FN:26,(anonymous_20)
FNF:3
FNH:3
FNDA:1,(anonymous_18)
FNDA:1,AuthenticateUserServices
FNDA:1,(anonymous_20)
DA:2,1
DA:3,1
DA:4,1
DA:21,1
DA:24,1
DA:26,1
DA:27,1
DA:28,1
DA:29,0
DA:46,1
DA:48,1
DA:53,1
DA:55,1
DA:57,1
LF:14
LH:13
BRDA:27,0,0,1
BRDA:28,1,0,0
BRDA:28,1,1,1
BRF:3
BRH:2
end_of_record
TN:
SF:src/modules/costumers/services/CreateCostumerServices.ts
FN:23,(anonymous_17)
FN:24,CreateCostumerServices
FN:28,(anonymous_19)
FNF:3
FNH:3
FNDA:2,(anonymous_17)
FNDA:3,CreateCostumerServices
FNDA:4,(anonymous_19)
DA:2,2
DA:6,2
DA:23,2
DA:26,3
DA:28,2
DA:29,4
DA:30,4
DA:31,4
DA:32,4
DA:33,4
DA:34,4
DA:35,4
DA:36,4
DA:37,4
DA:38,4
DA:39,4
DA:43,4
DA:44,4
DA:45,1
DA:52,3
DA:54,3
DA:70,3
DA:72,2
DA:74,2
LF:24
LH:24
BRDA:43,0,0,4
BRDA:44,1,0,1
BRDA:44,1,1,3
BRF:3
BRH:3
end_of_record
TN:
SF:src/modules/properties/services/CreatePropertyServices.ts
FN:26,(anonymous_17)
FN:27,CreatePropertyServices
FN:31,(anonymous_19)
FNF:3
FNH:0
FNDA:0,(anonymous_17)
FNDA:0,CreatePropertyServices
FNDA:0,(anonymous_19)
DA:2,0
DA:26,0
DA:29,0
DA:31,0
DA:32,0
DA:33,0
DA:34,0
DA:35,0
DA:36,0
DA:37,0
DA:38,0
DA:39,0
DA:40,0
DA:41,0
DA:42,0
DA:43,0
DA:44,0
DA:45,0
DA:46,0
DA:47,0
DA:51,0
DA:72,0
DA:74,0
DA:76,0
LF:24
LH:0
BRF:0
BRH:0
end_of_record
TN:
SF:src/modules/properties/services/UpdatePropertyPhotosServices.ts
FN:13,(anonymous_14)
FN:14,(anonymous_16)
FNF:2
FNH:0
FNDA:0,(anonymous_14)
FNDA:0,(anonymous_16)
DA:1,0
DA:2,0
DA:3,0
DA:5,0
DA:6,0
DA:13,0
DA:14,0
DA:15,0
DA:16,0
DA:18,0
DA:19,0
DA:20,0
DA:22,0
DA:24,0
DA:30,0
DA:32,0
DA:34,0
DA:36,0
LF:18
LH:0
BRDA:19,0,0,0
BRDA:19,0,1,0
BRF:2
BRH:0
end_of_record
TN:
SF:src/modules/realtors/services/AuthenticateUserServices.ts
FN:22,(anonymous_18)
FN:23,AuthenticateUserServices
FN:27,(anonymous_20)
FNF:3
FNH:0
FNDA:0,(anonymous_18)
FNDA:0,AuthenticateUserServices
FNDA:0,(anonymous_20)
DA:2,0
DA:3,0
DA:4,0
DA:5,0
DA:22,0
DA:25,0
DA:27,0
DA:31,0
DA:32,0
DA:33,0
DA:37,0
DA:38,0
DA:39,0
DA:42,0
DA:44,0
DA:49,0
DA:77,0
DA:79,0
LF:18
LH:0
BRDA:31,0,0,0
BRDA:32,1,0,0
BRDA:32,1,1,0
BRDA:38,2,0,0
BRDA:38,2,1,0
BRF:5
BRH:0
end_of_record
TN:
SF:src/modules/realtors/services/CreateRealtorServices.ts
FN:23,(anonymous_17)
FN:24,CreateRealtorServices
FN:28,(anonymous_19)
FN:45,(anonymous_22)
FN:46,(anonymous_23)
FNF:5
FNH:0
FNDA:0,(anonymous_17)
FNDA:0,CreateRealtorServices
FNDA:0,(anonymous_19)
FNDA:0,(anonymous_22)
FNDA:0,(anonymous_23)
DA:2,0
DA:5,0
DA:23,0
DA:26,0
DA:28,0
DA:29,0
DA:30,0
DA:31,0
DA:32,0
DA:33,0
DA:34,0
DA:35,0
DA:36,0
DA:37,0
DA:38,0
DA:39,0
DA:40,0
DA:43,0
DA:44,0
DA:45,0
DA:46,0
DA:48,0
DA:51,0
DA:53,0
DA:70,0
DA:72,0
DA:74,0
LF:27
LH:0
BRDA:43,0,0,0
BRDA:44,1,0,0
BRDA:44,1,1,0
BRF:3
BRH:0
end_of_record
TN:
SF:src/modules/realtors/services/UpdateRealtorAvatarServices.ts
FN:16,(anonymous_14)
FN:17,UpdateRealtorAvatarServices
FN:20,(anonymous_16)
FNF:3
FNH:0
FNDA:0,(anonymous_14)
FNDA:0,UpdateRealtorAvatarServices
FNDA:0,(anonymous_16)
DA:1,0
DA:8,0
DA:16,0
DA:18,0
DA:20,0
DA:24,0
DA:25,0
DA:26,0
DA:28,0
DA:30,0
DA:35,0
DA:37,0
DA:38,0
DA:39,0
DA:42,0
DA:44,0
DA:46,0
DA:47,0
DA:48,0
DA:50,0
DA:52,0
LF:21
LH:0
BRDA:25,0,0,0
BRDA:25,0,1,0
BRDA:38,1,0,0
BRDA:38,1,1,0
BRF:4
BRH:0
end_of_record
